<?xml version="1.0" encoding="UTF-8"?>
<coverage generated="1575590066708" clover="3.2.0">
  <project timestamp="1575590066708" name="All files">
    <metrics statements="9" coveredstatements="9" conditionals="0" coveredconditionals="0" methods="0" coveredmethods="0" elements="9" coveredelements="9" complexity="0" loc="9" ncloc="9" packages="1" files="3" classes="3"/>
    <file name="Color.js" path="/Users/joelpatrickdurham/alchemy/career-track/week-01/mongoose-models/lib/models/Color.js">
      <metrics statements="3" coveredstatements="3" conditionals="0" coveredconditionals="0" methods="0" coveredmethods="0"/>
      <line num="1" count="1" type="stmt"/>
      <line num="3" count="1" type="stmt"/>
      <line num="28" count="1" type="stmt"/>
    </file>
    <file name="Pokemon.js" path="/Users/joelpatrickdurham/alchemy/career-track/week-01/mongoose-models/lib/models/Pokemon.js">
      <metrics statements="3" coveredstatements="3" conditionals="0" coveredconditionals="0" methods="0" coveredmethods="0"/>
      <line num="1" count="1" type="stmt"/>
      <line num="3" count="1" type="stmt"/>
      <line num="20" count="1" type="stmt"/>
    </file>
    <file name="ZeldaGames.js" path="/Users/joelpatrickdurham/alchemy/career-track/week-01/mongoose-models/lib/models/ZeldaGames.js">
      <metrics statements="3" coveredstatements="3" conditionals="0" coveredconditionals="0" methods="0" coveredmethods="0"/>
      <line num="1" count="1" type="stmt"/>
      <line num="3" count="1" type="stmt"/>
      <line num="14" count="1" type="stmt"/>
    </file>
  </project>
</coverage>
