{"/Users/joelpatrickdurham/alchemy/career-track/week-01/mongoose-models/lib/models/Book.js": {"path":"/Users/joelpatrickdurham/alchemy/career-track/week-01/mongoose-models/lib/models/Book.js","statementMap":{},"fnMap":{},"branchMap":{},"s":{},"f":{},"b":{},"_coverageSchema":"43e27e138ebf9cfc5966b082cf9a028302ed4184","hash":"3a4d0997509d8292272b66f9b8a390d9d3f7dbde"}
,"/Users/joelpatrickdurham/alchemy/career-track/week-01/mongoose-models/lib/models/Color.js": {"path":"/Users/joelpatrickdurham/alchemy/career-track/week-01/mongoose-models/lib/models/Color.js","statementMap":{"0":{"start":{"line":1,"column":17},"end":{"line":1,"column":36}},"1":{"start":{"line":3,"column":15},"end":{"line":26,"column":2}},"2":{"start":{"line":28,"column":0},"end":{"line":28,"column":49}}},"fnMap":{},"branchMap":{},"s":{"0":1,"1":1,"2":1},"f":{},"b":{},"_coverageSchema":"43e27e138ebf9cfc5966b082cf9a028302ed4184","hash":"34e82e5991cb36bfbf36ade325d141236c9a7f5c"}
,"/Users/joelpatrickdurham/alchemy/career-track/week-01/mongoose-models/lib/models/Pokemon.js": {"path":"/Users/joelpatrickdurham/alchemy/career-track/week-01/mongoose-models/lib/models/Pokemon.js","statementMap":{"0":{"start":{"line":1,"column":17},"end":{"line":1,"column":36}},"1":{"start":{"line":3,"column":15},"end":{"line":18,"column":2}},"2":{"start":{"line":20,"column":0},"end":{"line":20,"column":51}}},"fnMap":{},"branchMap":{},"s":{"0":1,"1":1,"2":1},"f":{},"b":{},"_coverageSchema":"43e27e138ebf9cfc5966b082cf9a028302ed4184","hash":"241abd5133f960a572ab8cd1341a4037a79d1ce4"}
,"/Users/joelpatrickdurham/alchemy/career-track/week-01/mongoose-models/lib/models/Tea.js": {"path":"/Users/joelpatrickdurham/alchemy/career-track/week-01/mongoose-models/lib/models/Tea.js","statementMap":{"0":{"start":{"line":1,"column":17},"end":{"line":1,"column":36}},"1":{"start":{"line":3,"column":15},"end":{"line":17,"column":2}},"2":{"start":{"line":19,"column":0},"end":{"line":19,"column":47}}},"fnMap":{},"branchMap":{},"s":{"0":1,"1":1,"2":1},"f":{},"b":{},"_coverageSchema":"43e27e138ebf9cfc5966b082cf9a028302ed4184","hash":"b1f8b3b014a555a7fdd753de6eb2d7bdd77ede74"}
,"/Users/joelpatrickdurham/alchemy/career-track/week-01/mongoose-models/lib/models/ZeldaGames.js": {"path":"/Users/joelpatrickdurham/alchemy/career-track/week-01/mongoose-models/lib/models/ZeldaGames.js","statementMap":{"0":{"start":{"line":1,"column":17},"end":{"line":1,"column":36}},"1":{"start":{"line":3,"column":15},"end":{"line":12,"column":2}},"2":{"start":{"line":14,"column":0},"end":{"line":14,"column":54}}},"fnMap":{},"branchMap":{},"s":{"0":1,"1":1,"2":1},"f":{},"b":{},"_coverageSchema":"43e27e138ebf9cfc5966b082cf9a028302ed4184","hash":"0acd288addbd2ed6ed0a0aa1bcbb88b491da1d37"}
}
