TN:
SF:/Users/joelpatrickdurham/alchemy/career-track/week-01/mongoose-models/lib/models/Book.js
FNF:0
FNH:0
LF:0
LH:0
BRF:0
BRH:0
end_of_record
TN:
SF:/Users/joelpatrickdurham/alchemy/career-track/week-01/mongoose-models/lib/models/Color.js
FNF:0
FNH:0
DA:1,1
DA:3,1
DA:28,1
LF:3
LH:3
BRF:0
BRH:0
end_of_record
TN:
SF:/Users/joelpatrickdurham/alchemy/career-track/week-01/mongoose-models/lib/models/Pokemon.js
FNF:0
FNH:0
DA:1,1
DA:3,1
DA:20,1
LF:3
LH:3
BRF:0
BRH:0
end_of_record
TN:
SF:/Users/joelpatrickdurham/alchemy/career-track/week-01/mongoose-models/lib/models/Tea.js
FNF:0
FNH:0
DA:1,1
DA:3,1
DA:19,1
LF:3
LH:3
BRF:0
BRH:0
end_of_record
TN:
SF:/Users/joelpatrickdurham/alchemy/career-track/week-01/mongoose-models/lib/models/ZeldaGames.js
FNF:0
FNH:0
DA:1,1
DA:3,1
DA:14,1
LF:3
LH:3
BRF:0
BRH:0
end_of_record
